Sending Batch0
TX Sent = 1 = 0x4541bd9a50f285f05076fef880584038287e21ec9923b9ac90ff059a59997c63
TX Sent = 2 = 0xdb2e7207923f5f31980dc0a51aff01a24946d89760f9af12cfd75f9d72cebabe
TX Sent = 3 = 0xd65d85b4fd88e66759e48b5096a1cc7e10df625133d1d8f8d961d9ba740e99d7
TX Sent = 4 = 0xdc03dfa0a1ccca3aaad6cb89609ec2c4765459fbcc2f96d8600dce5e349a345d
TX Sent = 5 = 0x0687b9213e9819418a7365c642b7ea24404259be7c678e25feb083ab714e64de
TX Verified = 0x4541bd9a50f285f05076fef880584038287e21ec9923b9ac90ff059a59997c63
TX Verified = 0xdb2e7207923f5f31980dc0a51aff01a24946d89760f9af12cfd75f9d72cebabe
TX Verified = 0xd65d85b4fd88e66759e48b5096a1cc7e10df625133d1d8f8d961d9ba740e99d7
TX Verified = 0xdc03dfa0a1ccca3aaad6cb89609ec2c4765459fbcc2f96d8600dce5e349a345d
TX Verified = 0x0687b9213e9819418a7365c642b7ea24404259be7c678e25feb083ab714e64de
Failed TX Resending = 0
Sending Batch0
TX Sent = 1 = 0x3fdf082abab137a58cbf3fb419b91ad692fed82a972ee9eb0b1524608b9f5c02
TX Sent = 2 = 0x9c858ed499a314ceb6a89d1d2e180944228f7f2c31f835740990c0701000d14f
TX Verified = 0x3fdf082abab137a58cbf3fb419b91ad692fed82a972ee9eb0b1524608b9f5c02
TX Failed = 0x9c858ed499a314ceb6a89d1d2e180944228f7f2c31f835740990c0701000d14f
Failed TX Resending = 1
TX Sent = 1 = 0xed3dc434340841afd5a6e42d9a0568c4cb14f10f81d09a0b6c60985ca031686c
TX Verified = 0xed3dc434340841afd5a6e42d9a0568c4cb14f10f81d09a0b6c60985ca031686c
Failed TX Resending = 0
