Sending Batch0
TX Sent = 0 - 449BA53C06D28F89A04FB99901DFD1D5F4D4079DAAC987B1B827DFCA0455B005
TX Found = 449BA53C06D28F89A04FB99901DFD1D5F4D4079DAAC987B1B827DFCA0455B005
Sending Batch1
TX Sent = 0 - 449BA53C06D28F89A04FB99901DFD1D5F4D4079DAAC987B1B827DFCA0455B005
TX Found = 449BA53C06D28F89A04FB99901DFD1D5F4D4079DAAC987B1B827DFCA0455B005
Sending Batch2
TX Sent = 0 - 449BA53C06D28F89A04FB99901DFD1D5F4D4079DAAC987B1B827DFCA0455B005
TX Found = 449BA53C06D28F89A04FB99901DFD1D5F4D4079DAAC987B1B827DFCA0455B005
Sending Batch0
TX Sent = 0 - EEA008EFBBD5F641CFB552DE2FA9795460BC39D61909A7DFA68AE29EB9B31A1B
TX Sent = 1 - 22784ABEB1E1055D769A01C390EDD1D30B832F1DDC10E87FA60F560AE0AF366F
TX Sent = 2 - 88434D8EDA32F58E75AACBB6CDA17DAC6BD2938DDE5C7DBC0B57EF6DE4102677
TX Sent = 3 - 4677798A8430FCDF3AB0B5726AD32BC03BD4A9B89D000A2C7AE2A3092A59A970
TX Sent = 4 - 7CDE8D7F92DF712B6A27979CA4FC849E5349B0B7833C5462670D7B1F2B7CB17B
TX Sent = 5 - 0230B8A774E8E3C3650536B3D3468E1B55A964A576108A8A3B1F3DE3DB351F30
TX Sent = 6 - 8AF7CC7EEAB6D582B368B8EE216BCEBB9BCC4952B5F8638ADC0DF5EA628DCD05
TX Sent = 7 - CD9841EE49531A45CC57D29A8927DA6A44F47B7C70AC7A4716911D9A8745592C
TX Sent = 8 - 636C37E9ED86A7C827D177132DD85BB38E554FEDD4A9FCA61AECDC48D1F52CA1
TX Sent = 9 - B0E99C74B3503BC75DAE1F45F8ECCFE61A4832ADBED613574DCC522D9F9052F6
TX Found = EEA008EFBBD5F641CFB552DE2FA9795460BC39D61909A7DFA68AE29EB9B31A1B
TX Found = 22784ABEB1E1055D769A01C390EDD1D30B832F1DDC10E87FA60F560AE0AF366F
TX Found = 88434D8EDA32F58E75AACBB6CDA17DAC6BD2938DDE5C7DBC0B57EF6DE4102677
TX Found = 4677798A8430FCDF3AB0B5726AD32BC03BD4A9B89D000A2C7AE2A3092A59A970
TX Found = 7CDE8D7F92DF712B6A27979CA4FC849E5349B0B7833C5462670D7B1F2B7CB17B
TX Found = 0230B8A774E8E3C3650536B3D3468E1B55A964A576108A8A3B1F3DE3DB351F30
TX Found = 8AF7CC7EEAB6D582B368B8EE216BCEBB9BCC4952B5F8638ADC0DF5EA628DCD05
TX Found = CD9841EE49531A45CC57D29A8927DA6A44F47B7C70AC7A4716911D9A8745592C
TX Found = 636C37E9ED86A7C827D177132DD85BB38E554FEDD4A9FCA61AECDC48D1F52CA1
TX Found = B0E99C74B3503BC75DAE1F45F8ECCFE61A4832ADBED613574DCC522D9F9052F6
Sending Batch1
TX Sent = 0 - B0E99C74B3503BC75DAE1F45F8ECCFE61A4832ADBED613574DCC522D9F9052F6
TX Sent = 1 - 5CD25441A11B5F617F24AF63B9B072A41C16A352F1DFB5E38EEFCD92B342C4F5
TX Sent = 2 - C496BBFAA56216B05AE1711BB703A92C8F7281925CC66FBDE6F280D254E5F138
TX Sent = 3 - F75F8749AE01624D558F37A3EF6B8BC20DF32026F3F3403566903569800487C9
TX Sent = 4 - 148D6073FC31076AD4DF11E62BA1AB662DC84FCF3467916A416B4CD5DD403EAA
TX Sent = 5 - 7D75A672EC4D0CDACBB5A0C1BF99B469A85806B4DA3D133F21F12C5063679506
TX Sent = 6 - EF792EA50C43A95CEE97E9A80AFB10BD7B79DDE6EEBB66E8890117443A375AF1
TX Sent = 7 - 22DB42CB0AD1FAB5F2499A79EAE9DDAD46B939A20378B2AD69D338478140EC0F
TX Sent = 8 - 63CD7CDA24D448B5D54D5AC99840D01FBD9DF9EDE285516713EEAAE0E2F00586
TX Sent = 9 - 698C585BC79CAFD2B0E693B3F61D06ED5F0A6B17489234011E4E670FFEC9D8AE
TX Found = B0E99C74B3503BC75DAE1F45F8ECCFE61A4832ADBED613574DCC522D9F9052F6
TX Found = 5CD25441A11B5F617F24AF63B9B072A41C16A352F1DFB5E38EEFCD92B342C4F5
TX Found = C496BBFAA56216B05AE1711BB703A92C8F7281925CC66FBDE6F280D254E5F138
TX Found = F75F8749AE01624D558F37A3EF6B8BC20DF32026F3F3403566903569800487C9
TX Found = 148D6073FC31076AD4DF11E62BA1AB662DC84FCF3467916A416B4CD5DD403EAA
TX Found = 7D75A672EC4D0CDACBB5A0C1BF99B469A85806B4DA3D133F21F12C5063679506
TX Found = EF792EA50C43A95CEE97E9A80AFB10BD7B79DDE6EEBB66E8890117443A375AF1
TX Found = 22DB42CB0AD1FAB5F2499A79EAE9DDAD46B939A20378B2AD69D338478140EC0F
TX Found = 63CD7CDA24D448B5D54D5AC99840D01FBD9DF9EDE285516713EEAAE0E2F00586
TX Found = 698C585BC79CAFD2B0E693B3F61D06ED5F0A6B17489234011E4E670FFEC9D8AE
Sending Batch2
TX Sent = 0 - 698C585BC79CAFD2B0E693B3F61D06ED5F0A6B17489234011E4E670FFEC9D8AE
TX Sent = 1 - 2630AEA3194224B37BF21FDD838E9D3BE30B042073CB1AE9486D89B7A10C4275
TX Sent = 2 - 591EF7341A06F9AC83A1830B0050E212A0ACDE053F689B76A4498E6E6C8B0B2C
TX Sent = 3 - DF6CC732E36BF72247C842748E55D2A8238973AA645B3B3FD06EDCE79A475077
TX Sent = 4 - 7DC2FAE95BD1E5AE07BB7CCE41CEAF8F7014024EBABA6BE84B9A2C1CCFD08B9C
TX Sent = 5 - 9CEAD09966FF19193EF7901F6082DB31ABDF2B732B76C7935704E050FCA43F99
TX Sent = 6 - 07C5206B3A68DE88C34651D8A40B8500A4EC7DBFEB92ED26B4DF3FED66256680
TX Sent = 7 - 090D69C060D72D959B737D101452FE2B7274FF0A4020A942EBE48E03AB5B8DCF
TX Sent = 8 - A81260068F25B4D1E40422287C6EE0A840243A60D912B3B2FB07540FEB35109C
TX Sent = 9 - D30CC4D0F73BD3B08E38F66FEABC449C0CD44A5299720989BCA23D97040460A0
TX Found = 698C585BC79CAFD2B0E693B3F61D06ED5F0A6B17489234011E4E670FFEC9D8AE
TX Found = 2630AEA3194224B37BF21FDD838E9D3BE30B042073CB1AE9486D89B7A10C4275
TX Found = 591EF7341A06F9AC83A1830B0050E212A0ACDE053F689B76A4498E6E6C8B0B2C
TX Found = DF6CC732E36BF72247C842748E55D2A8238973AA645B3B3FD06EDCE79A475077
TX Found = 7DC2FAE95BD1E5AE07BB7CCE41CEAF8F7014024EBABA6BE84B9A2C1CCFD08B9C
TX Found = 9CEAD09966FF19193EF7901F6082DB31ABDF2B732B76C7935704E050FCA43F99
TX Found = 07C5206B3A68DE88C34651D8A40B8500A4EC7DBFEB92ED26B4DF3FED66256680
TX Found = 090D69C060D72D959B737D101452FE2B7274FF0A4020A942EBE48E03AB5B8DCF
TX Found = A81260068F25B4D1E40422287C6EE0A840243A60D912B3B2FB07540FEB35109C
TX Found = D30CC4D0F73BD3B08E38F66FEABC449C0CD44A5299720989BCA23D97040460A0
